<?xml version="1.0" encoding="UTF-8"?>
<testsuite name="opendial.domains.LearningTest" tests="1" skipped="0" failures="0" errors="0" timestamp="2018-03-07T08:22:17" hostname="B114742567009E5" time="0.73">
  <properties/>
  <testcase name="testIS2013" classname="opendial.domains.LearningTest" time="0.73"/>
  <system-out><![CDATA[]]></system-out>
  <system-err><![CDATA[]]></system-err>
</testsuite>
