<?xml version="1.0" encoding="UTF-8"?>
<testsuite name="opendial.bn.RelationalTest" tests="2" skipped="0" failures="0" errors="0" timestamp="2018-03-07T08:22:12" hostname="B114742567009E5" time="0.48">
  <properties/>
  <testcase name="functionTest" classname="opendial.bn.RelationalTest" time="0.448"/>
  <testcase name="relationalTest" classname="opendial.bn.RelationalTest" time="0.032"/>
  <system-out><![CDATA[]]></system-out>
  <system-err><![CDATA[]]></system-err>
</testsuite>
