<?xml version="1.0" encoding="UTF-8"?>
<testsuite name="opendial.domains.RuleTest3" tests="5" skipped="0" failures="0" errors="0" timestamp="2018-03-07T08:22:21" hostname="B114742567009E5" time="0.241">
  <properties/>
  <testcase name="testOutputs" classname="opendial.domains.RuleTest3" time="0.0"/>
  <testcase name="testIncondition" classname="opendial.domains.RuleTest3" time="0.001"/>
  <testcase name="priorityTest" classname="opendial.domains.RuleTest3" time="0.063"/>
  <testcase name="test1" classname="opendial.domains.RuleTest3" time="0.048"/>
  <testcase name="test2" classname="opendial.domains.RuleTest3" time="0.129"/>
  <system-out><![CDATA[]]></system-out>
  <system-err><![CDATA[]]></system-err>
</testsuite>
