<?xml version="1.0" encoding="UTF-8"?>
<testsuite name="opendial.bn.AssignmentTest" tests="1" skipped="0" failures="0" errors="0" timestamp="2018-03-07T08:22:11" hostname="B114742567009E5" time="0.031">
  <properties/>
  <testcase name="testAssignInterchance" classname="opendial.bn.AssignmentTest" time="0.031"/>
  <system-out><![CDATA[]]></system-out>
  <system-err><![CDATA[]]></system-err>
</testsuite>
