<?xml version="1.0" encoding="UTF-8"?>
<testsuite name="opendial.bn.ValueTest" tests="2" skipped="0" failures="0" errors="0" timestamp="2018-03-07T08:22:12" hostname="B114742567009E5" time="0.001">
  <properties/>
  <testcase name="testClassical" classname="opendial.bn.ValueTest" time="0.001"/>
  <testcase name="testAssign" classname="opendial.bn.ValueTest" time="0.0"/>
  <system-out><![CDATA[]]></system-out>
  <system-err><![CDATA[]]></system-err>
</testsuite>
