<?xml version="1.0" encoding="UTF-8"?>
<testsuite name="opendial.domains.PruningTest" tests="9" skipped="0" failures="0" errors="0" timestamp="2018-03-07T08:22:19" hostname="B114742567009E5" time="0.297">
  <properties/>
  <testcase name="testPruning0" classname="opendial.domains.PruningTest" time="0.106"/>
  <testcase name="testPruning1" classname="opendial.domains.PruningTest" time="0.016"/>
  <testcase name="testPruning2" classname="opendial.domains.PruningTest" time="0.001"/>
  <testcase name="testPruning3" classname="opendial.domains.PruningTest" time="0.031"/>
  <testcase name="testPruning4" classname="opendial.domains.PruningTest" time="0.016"/>
  <testcase name="testPruning5" classname="opendial.domains.PruningTest" time="0.05"/>
  <testcase name="testPruning6" classname="opendial.domains.PruningTest" time="0.001"/>
  <testcase name="testPruning7" classname="opendial.domains.PruningTest" time="0.042"/>
  <testcase name="testPruning8" classname="opendial.domains.PruningTest" time="0.034"/>
  <system-out><![CDATA[]]></system-out>
  <system-err><![CDATA[]]></system-err>
</testsuite>
