<?xml version="1.0" encoding="UTF-8"?>
<testsuite name="opendial.domains.DialogueStateTest" tests="2" skipped="0" failures="0" errors="0" timestamp="2018-03-07T08:22:16" hostname="B114742567009E5" time="0.314">
  <properties/>
  <testcase name="testStateCopy" classname="opendial.domains.DialogueStateTest" time="0.209"/>
  <testcase name="testStateCopy2" classname="opendial.domains.DialogueStateTest" time="0.105"/>
  <system-out><![CDATA[]]></system-out>
  <system-err><![CDATA[]]></system-err>
</testsuite>
