<?xml version="1.0" encoding="UTF-8"?>
<testsuite name="opendial.domains.StepByStepTest" tests="1" skipped="0" failures="0" errors="0" timestamp="2018-03-07T08:22:22" hostname="B114742567009E5" time="0.622">
  <properties/>
  <testcase name="domain" classname="opendial.domains.StepByStepTest" time="0.622"/>
  <system-out><![CDATA[]]></system-out>
  <system-err><![CDATA[]]></system-err>
</testsuite>
