<?xml version="1.0" encoding="UTF-8"?>
<testsuite name="opendial.domains.RuleTest2" tests="6" skipped="0" failures="0" errors="0" timestamp="2018-03-07T08:22:21" hostname="B114742567009E5" time="0.484">
  <properties/>
  <testcase name="test" classname="opendial.domains.RuleTest2" time="0.112"/>
  <testcase name="test2" classname="opendial.domains.RuleTest2" time="0.097"/>
  <testcase name="test3" classname="opendial.domains.RuleTest2" time="0.085"/>
  <testcase name="test4" classname="opendial.domains.RuleTest2" time="0.106"/>
  <testcase name="test5" classname="opendial.domains.RuleTest2" time="0.05"/>
  <testcase name="test6" classname="opendial.domains.RuleTest2" time="0.034"/>
  <system-out><![CDATA[]]></system-out>
  <system-err><![CDATA[]]></system-err>
</testsuite>
