<?xml version="1.0" encoding="UTF-8"?>
<testsuite name="opendial.inference.NetworkReductionTest" tests="5" skipped="0" failures="0" errors="0" timestamp="2018-03-07T08:22:24" hostname="B114742567009E5" time="0.228">
  <properties/>
  <testcase name="test1" classname="opendial.inference.NetworkReductionTest" time="0.052"/>
  <testcase name="test2" classname="opendial.inference.NetworkReductionTest" time="0.063"/>
  <testcase name="test3" classname="opendial.inference.NetworkReductionTest" time="0.032"/>
  <testcase name="test5" classname="opendial.inference.NetworkReductionTest" time="0.001"/>
  <testcase name="test6" classname="opendial.inference.NetworkReductionTest" time="0.08"/>
  <system-out><![CDATA[]]></system-out>
  <system-err><![CDATA[]]></system-err>
</testsuite>
