<?xml version="1.0" encoding="UTF-8"?>
<testsuite name="opendial.inference.RuleAndParams" tests="1" skipped="0" failures="0" errors="0" timestamp="2018-03-07T08:22:24" hostname="B114742567009E5" time="0.364">
  <properties/>
  <testcase name="RuleAndParamsTest" classname="opendial.inference.RuleAndParams" time="0.364"/>
  <system-out><![CDATA[]]></system-out>
  <system-err><![CDATA[]]></system-err>
</testsuite>
