<?xml version="1.0" encoding="UTF-8"?>
<testsuite name="opendial.domains.FlightBookingTest" tests="2" skipped="0" failures="0" errors="0" timestamp="2018-03-07T08:22:16" hostname="B114742567009E5" time="0.956">
  <properties/>
  <testcase name="dialogue1" classname="opendial.domains.FlightBookingTest" time="0.452"/>
  <testcase name="dialogue2" classname="opendial.domains.FlightBookingTest" time="0.504"/>
  <system-out><![CDATA[]]></system-out>
  <system-err><![CDATA[[OpenDial] 信息: Module FlightBookingExample successfully attached 
[OpenDial] 信息: Module FlightBookingExample successfully attached 
]]></system-err>
</testsuite>
