<?xml version="1.0" encoding="UTF-8"?>
<testsuite name="opendial.domains.ParametersTest" tests="6" skipped="0" failures="0" errors="0" timestamp="2018-03-07T08:22:18" hostname="B114742567009E5" time="0.798">
  <properties/>
  <testcase name="paramTest4" classname="opendial.domains.ParametersTest" time="0.204"/>
  <testcase name="testParam1" classname="opendial.domains.ParametersTest" time="0.078"/>
  <testcase name="testParam2" classname="opendial.domains.ParametersTest" time="0.1"/>
  <testcase name="testParam3" classname="opendial.domains.ParametersTest" time="0.064"/>
  <testcase name="testParam5" classname="opendial.domains.ParametersTest" time="0.207"/>
  <testcase name="testParam6" classname="opendial.domains.ParametersTest" time="0.145"/>
  <system-out><![CDATA[]]></system-out>
  <system-err><![CDATA[]]></system-err>
</testsuite>
